#
# A fatal error has been detected by the Java Runtime Environment:
#
#  EXCEPTION_ACCESS_VIOLATION (0xc0000005) at pc=0x0000000003e8f5b5, pid=10676, tid=0x0000000000002384
#
# JRE version: Java(TM) SE Runtime Environment (8.0_231-b11) (build 1.8.0_231-b11)
# Java VM: Java HotSpot(TM) 64-Bit Server VM (25.231-b11 mixed mode windows-amd64 compressed oops)
# Problematic frame:
# J 6762 C2 java.util.HashMap.put(Ljava/lang/Object;Ljava/lang/Object;)Ljava/lang/Object; (13 bytes) @ 0x0000000003e8f5b5 [0x0000000003e8f560+0x55]
#
# Failed to write core dump. Minidumps are not enabled by default on client versions of Windows
#
# If you would like to submit a bug report, please visit:
#   http://bugreport.java.com/bugreport/crash.jsp
#

---------------  T H R E A D  ---------------

Current thread (0x000000001b216800):  JavaThread "Daemon worker" [_thread_in_Java, id=9092, stack(0x000000001cea0000,0x000000001cfa0000)]

siginfo: ExceptionCode=0xc0000005, reading address 0x00000000000001d0

Registers:
RAX=0x000000010007fb88, RBX=0x00000000170b2f80, RCX=0x00000000200037bd, RDX=0x0000000080976ae8
RSP=0x000000001cf9dd60, RBP=0x000000002000ff71, RSI=0x0000000000000039, RDI=0x0000000000000040
R8 =0x000000008239f530, R9 =0x0000000080002848, R10=0x0000000000000000, R11=0x0000000000000000
R12=0x0000000000000000, R13=0x000000001cf9de90, R14=0x000000010007fe28, R15=0x000000001b216800
RIP=0x0000000003e8f5b5, EFLAGS=0x0000000000010206

Top of Stack: (sp=0x000000001cf9dd60)
0x000000001cf9dd60:   0000000080976ae8 000000390ba73a39
0x000000001cf9dd70:   000000008239f530 0000000080002848
0x000000001cf9dd80:   0000000087280938 00000000e8d88f68
0x000000001cf9dd90:   0000000000000000 000000006a3a18f1
0x000000001cf9dda0:   000000001b216800 000000001cf9de30
0x000000001cf9ddb0:   000000002000ff71 0000000002dd8dd8
0x000000001cf9ddc0:   000000001b216800 00000000f56918b0
0x000000001cf9ddd0:   0000000016d50640 000000001b216800
0x000000001cf9dde0:   000000002000ff71 0000000003a068a4
0x000000001cf9ddf0:   0000000080976ad8 00000000e8d88cc0
0x000000001cf9de00:   0000000000000001 000000001cf9e110
0x000000001cf9de10:   0000000081e0e670 0000000004439c8c
0x000000001cf9de20:   000000001b216800 0000000000000001
0x000000001cf9de30:   0000000016d50640 000000001b216800
0x000000001cf9de40:   000000010001c3b8 0000000100000000
0x000000001cf9de50:   000000010002b448 0000000002b1645e 

Instructions: (pc=0x0000000003e8f5b5)
0x0000000003e8f595:   4c 89 44 24 10 4d 85 c0 0f 84 aa 03 00 00 45 8b
0x0000000003e8f5a5:   58 08 49 ba 00 00 00 00 00 00 00 00 4f 8d 14 da
0x0000000003e8f5b5:   4d 8b 92 d0 01 00 00 49 bb 40 06 d5 16 00 00 00
0x0000000003e8f5c5:   00 4d 3b d3 0f 85 8b 03 00 00 4d 8b 10 4d 8b da 


Register to memory mapping:

RAX=0x000000010007fb88 is pointing into metadata
RBX={method} {0x00000000170b2f88} 'add' '(Ljava/lang/Object;)Z' in 'java/util/HashSet'
RCX=0x00000000200037bd is an unknown value
RDX=0x0000000080976ae8 is an oop
java.util.HashMap 
 - klass: 'java/util/HashMap'
RSP=0x000000001cf9dd60 is pointing into the stack for thread: 0x000000001b216800
RBP=0x000000002000ff71 is an unknown value
RSI=0x0000000000000039 is an unknown value
RDI=0x0000000000000040 is an unknown value
R8 =0x000000008239f530 is pointing into object: 0x000000008239f520
java.util.WeakHashMap$Entry 
 - klass: 'java/util/WeakHashMap$Entry'
R9 =0x0000000080002848 is an oop
java.lang.Object 
 - klass: 'java/lang/Object'
R10=0x0000000000000000 is an unknown value
R11=0x0000000000000000 is an unknown value
R12=0x0000000000000000 is an unknown value
R13=0x000000001cf9de90 is pointing into the stack for thread: 0x000000001b216800
R14=0x000000010007fe28 is pointing into metadata
R15=0x000000001b216800 is a thread


Stack: [0x000000001cea0000,0x000000001cfa0000],  sp=0x000000001cf9dd60,  free space=1015k
Native frames: (J=compiled Java code, j=interpreted, Vv=VM code, C=native code)
C  0x0000000003e8f5b5


---------------  P R O C E S S  ---------------

Java Threads: ( => current thread )
  0x00000000326f8000 JavaThread "ForkJoinPool.commonPool-worker-0" daemon [_thread_blocked, id=11704, stack(0x0000000034b10000,0x0000000034c10000)]
  0x00000000326f7800 JavaThread "RMI TCP Connection(1)-127.0.0.1" daemon [_thread_in_native, id=12856, stack(0x0000000037000000,0x0000000037100000)]
  0x00000000326f5000 JavaThread "RMI Reaper" [_thread_blocked, id=9556, stack(0x0000000036f00000,0x0000000037000000)]
  0x00000000326f6800 JavaThread "RMI TCP Accept-0" daemon [_thread_in_native, id=9664, stack(0x0000000036e00000,0x0000000036f00000)]
  0x0000000019e0c800 JavaThread "GC Daemon" daemon [_thread_blocked, id=13676, stack(0x0000000036d00000,0x0000000036e00000)]
  0x000000001dfd2800 JavaThread "RMI Scheduler(0)" daemon [_thread_blocked, id=9464, stack(0x0000000036270000,0x0000000036370000)]
  0x0000000030495800 JavaThread "WorkerExecutor Queue Thread 5" [_thread_blocked, id=12808, stack(0x0000000036470000,0x0000000036570000)]
  0x000000003049b800 JavaThread "Java2D Disposer" daemon [_thread_blocked, id=11324, stack(0x0000000036370000,0x0000000036470000)]
  0x0000000030493000 JavaThread "WorkerExecutor Queue Thread 3" [_thread_blocked, id=2568, stack(0x0000000036170000,0x0000000036270000)]
  0x0000000030491800 JavaThread "WorkerExecutor Queue Thread 2" [_thread_blocked, id=13212, stack(0x0000000036070000,0x0000000036170000)]
  0x0000000030498800 JavaThread "WorkerExecutor Queue" [_thread_blocked, id=3428, stack(0x0000000035f70000,0x0000000036070000)]
  0x000000001dfd0000 JavaThread "Build operations Thread 4" [_thread_blocked, id=8744, stack(0x000000002fbf0000,0x000000002fcf0000)]
  0x000000001dfcf800 JavaThread "Build operations Thread 3" [_thread_blocked, id=3316, stack(0x000000002d5a0000,0x000000002d6a0000)]
  0x000000001dfcc800 JavaThread "Build operations Thread 2" [_thread_blocked, id=9876, stack(0x000000002d0a0000,0x000000002d1a0000)]
  0x000000001dfce800 JavaThread "Build operations" [_thread_blocked, id=11424, stack(0x000000002cda0000,0x000000002cea0000)]
  0x0000000019e19000 JavaThread "Cache worker for checksums cache (C:\Projetos Android\NYBOOKS-MVVM-KOTLIN\.gradle\checksums)" [_thread_blocked, id=3260, stack(0x00000000220a0000,0x00000000221a0000)]
  0x0000000019e16000 JavaThread "Cache worker for file hash cache (C:\Projetos Android\NYBOOKS-MVVM-KOTLIN\.gradle\6.5\fileHashes)" [_thread_blocked, id=532, stack(0x00000000215a0000,0x00000000216a0000)]
  0x0000000019e18800 JavaThread "Thread-239" [_thread_blocked, id=8940, stack(0x000000001fa40000,0x000000001fb40000)]
  0x0000000019e1a000 JavaThread "Stdin handler" [_thread_blocked, id=14108, stack(0x000000001d1a0000,0x000000001d2a0000)]
  0x0000000019e0e800 JavaThread "Asynchronous log dispatcher for DefaultDaemonConnection: socket connection from /127.0.0.1:60722 to /127.0.0.1:60928" [_thread_blocked, id=13280, stack(0x0000000000f20000,0x0000000001020000)]
  0x0000000019e14000 JavaThread "Cancel handler" [_thread_blocked, id=3648, stack(0x0000000000e20000,0x0000000000f20000)]
  0x0000000019e11000 JavaThread "Handler for socket connection from /127.0.0.1:60722 to /127.0.0.1:60928" [_thread_in_native, id=14860, stack(0x0000000000d20000,0x0000000000e20000)]
  0x0000000029cb6800 JavaThread "jar transforms Thread 188" [_thread_blocked, id=5624, stack(0x0000000033080000,0x0000000033180000)]
  0x0000000029cb6000 JavaThread "jar transforms Thread 187" [_thread_blocked, id=4952, stack(0x0000000032f80000,0x0000000033080000)]
  0x0000000029cb5000 JavaThread "jar transforms Thread 186" [_thread_blocked, id=1720, stack(0x0000000032e80000,0x0000000032f80000)]
  0x0000000029cb4800 JavaThread "jar transforms Thread 185" [_thread_blocked, id=9812, stack(0x00000000274c0000,0x00000000275c0000)]
  0x0000000029cb3800 JavaThread "jar transforms Thread 184" [_thread_blocked, id=13592, stack(0x00000000273c0000,0x00000000274c0000)]
  0x0000000029cb3000 JavaThread "jar transforms Thread 183" [_thread_blocked, id=4824, stack(0x00000000272c0000,0x00000000273c0000)]
  0x0000000029cad000 JavaThread "jar transforms Thread 182" [_thread_blocked, id=14048, stack(0x00000000271c0000,0x00000000272c0000)]
  0x0000000029cac000 JavaThread "jar transforms Thread 181" [_thread_blocked, id=2172, stack(0x00000000270c0000,0x00000000271c0000)]
  0x0000000029cb2000 JavaThread "jar transforms Thread 180" [_thread_blocked, id=11556, stack(0x0000000026fc0000,0x00000000270c0000)]
  0x0000000029cb1800 JavaThread "jar transforms Thread 179" [_thread_blocked, id=12908, stack(0x0000000026ec0000,0x0000000026fc0000)]
  0x0000000029caa800 JavaThread "jar transforms Thread 178" [_thread_blocked, id=14744, stack(0x0000000026dc0000,0x0000000026ec0000)]
  0x0000000029ca9800 JavaThread "jar transforms Thread 177" [_thread_blocked, id=2576, stack(0x0000000026cc0000,0x0000000026dc0000)]
  0x0000000029cb0000 JavaThread "jar transforms Thread 176" [_thread_blocked, id=6560, stack(0x0000000026bc0000,0x0000000026cc0000)]
  0x0000000029caf000 JavaThread "jar transforms Thread 175" [_thread_blocked, id=15072, stack(0x0000000026ac0000,0x0000000026bc0000)]
  0x0000000029cab800 JavaThread "jar transforms Thread 174" [_thread_blocked, id=1624, stack(0x00000000269c0000,0x0000000026ac0000)]
  0x0000000029cb0800 JavaThread "jar transforms Thread 173" [_thread_blocked, id=8776, stack(0x00000000268c0000,0x00000000269c0000)]
  0x0000000029ca9000 JavaThread "jar transforms Thread 172" [_thread_blocked, id=12228, stack(0x00000000267c0000,0x00000000268c0000)]
  0x0000000029cae800 JavaThread "jar transforms Thread 171" [_thread_blocked, id=13648, stack(0x00000000266c0000,0x00000000267c0000)]
  0x0000000029ca8000 JavaThread "jar transforms Thread 170" [_thread_blocked, id=1368, stack(0x00000000265c0000,0x00000000266c0000)]
  0x0000000029cad800 JavaThread "jar transforms Thread 169" [_thread_blocked, id=5060, stack(0x00000000264c0000,0x00000000265c0000)]
  0x000000002ea84000 JavaThread "jar transforms Thread 168" [_thread_blocked, id=11620, stack(0x00000000263c0000,0x00000000264c0000)]
  0x000000002ea83800 JavaThread "jar transforms Thread 167" [_thread_blocked, id=9484, stack(0x00000000262c0000,0x00000000263c0000)]
  0x000000002ea82000 JavaThread "jar transforms Thread 166" [_thread_blocked, id=3640, stack(0x00000000261c0000,0x00000000262c0000)]
  0x000000002ea81000 JavaThread "jar transforms Thread 165" [_thread_blocked, id=4836, stack(0x00000000260c0000,0x00000000261c0000)]
  0x000000002ea82800 JavaThread "jar transforms Thread 164" [_thread_blocked, id=13304, stack(0x0000000025fc0000,0x00000000260c0000)]
  0x000000002ea80800 JavaThread "jar transforms Thread 163" [_thread_blocked, id=1544, stack(0x0000000025ec0000,0x0000000025fc0000)]
  0x000000002ea85000 JavaThread "jar transforms Thread 162" [_thread_blocked, id=980, stack(0x0000000025dc0000,0x0000000025ec0000)]
  0x000000002ea79000 JavaThread "jar transforms Thread 161" [_thread_blocked, id=1332, stack(0x0000000025cc0000,0x0000000025dc0000)]
  0x000000002ea7f800 JavaThread "jar transforms Thread 160" [_thread_blocked, id=11288, stack(0x0000000025bc0000,0x0000000025cc0000)]
  0x000000002ea78000 JavaThread "jar transforms Thread 159" [_thread_blocked, id=11140, stack(0x0000000025ac0000,0x0000000025bc0000)]
  0x000000002ea7f000 JavaThread "jar transforms Thread 158" [_thread_blocked, id=3860, stack(0x00000000259c0000,0x0000000025ac0000)]
  0x000000002ea7e000 JavaThread "jar transforms Thread 157" [_thread_blocked, id=12376, stack(0x00000000258c0000,0x00000000259c0000)]
  0x000000002ea76800 JavaThread "jar transforms Thread 156" [_thread_blocked, id=1824, stack(0x00000000257c0000,0x00000000258c0000)]
  0x000000002ea7d800 JavaThread "jar transforms Thread 155" [_thread_blocked, id=10412, stack(0x00000000256c0000,0x00000000257c0000)]
  0x000000002ea75800 JavaThread "jar transforms Thread 154" [_thread_blocked, id=14016, stack(0x00000000255c0000,0x00000000256c0000)]
  0x000000002ea7c800 JavaThread "jar transforms Thread 153" [_thread_blocked, id=6444, stack(0x00000000254c0000,0x00000000255c0000)]
  0x000000002ea7c000 JavaThread "jar transforms Thread 152" [_thread_blocked, id=3396, stack(0x00000000253c0000,0x00000000254c0000)]
  0x000000002ea79800 JavaThread "jar transforms Thread 151" [_thread_blocked, id=7192, stack(0x00000000252c0000,0x00000000253c0000)]
  0x000000002ea7b000 JavaThread "jar transforms Thread 150" [_thread_blocked, id=4604, stack(0x00000000251c0000,0x00000000252c0000)]
  0x000000002ea7a800 JavaThread "jar transforms Thread 149" [_thread_blocked, id=6336, stack(0x00000000250c0000,0x00000000251c0000)]
  0x000000002ea77800 JavaThread "jar transforms Thread 148" [_thread_blocked, id=10084, stack(0x0000000024fc0000,0x00000000250c0000)]
  0x000000001eb54000 JavaThread "jar transforms Thread 147" [_thread_blocked, id=13852, stack(0x0000000024ec0000,0x0000000024fc0000)]
  0x000000001eb52800 JavaThread "jar transforms Thread 146" [_thread_blocked, id=1788, stack(0x0000000024dc0000,0x0000000024ec0000)]
  0x000000001dfd8800 JavaThread "jar transforms Thread 145" [_thread_blocked, id=9392, stack(0x0000000024cc0000,0x0000000024dc0000)]
  0x000000001dfd4800 JavaThread "jar transforms Thread 144" [_thread_blocked, id=3096, stack(0x0000000024bc0000,0x0000000024cc0000)]
  0x000000001dfd4000 JavaThread "jar transforms Thread 143" [_thread_blocked, id=2644, stack(0x0000000024ac0000,0x0000000024bc0000)]
  0x000000001dfd7000 JavaThread "jar transforms Thread 142" [_thread_blocked, id=1260, stack(0x00000000249c0000,0x0000000024ac0000)]
  0x000000001b3ae000 JavaThread "jar transforms Thread 141" [_thread_blocked, id=14200, stack(0x00000000248c0000,0x00000000249c0000)]
  0x000000001b3b3000 JavaThread "jar transforms Thread 140" [_thread_blocked, id=10312, stack(0x00000000247c0000,0x00000000248c0000)]
  0x000000001b3b2800 JavaThread "jar transforms Thread 139" [_thread_blocked, id=11588, stack(0x00000000246c0000,0x00000000247c0000)]
  0x000000001b3b4000 JavaThread "jar transforms Thread 138" [_thread_blocked, id=4980, stack(0x00000000245c0000,0x00000000246c0000)]
  0x000000001b3ae800 JavaThread "jar transforms Thread 137" [_thread_blocked, id=12624, stack(0x00000000244c0000,0x00000000245c0000)]
  0x000000001b3b1800 JavaThread "jar transforms Thread 136" [_thread_blocked, id=11968, stack(0x00000000243c0000,0x00000000244c0000)]
  0x000000001b3b1000 JavaThread "jar transforms Thread 135" [_thread_blocked, id=13168, stack(0x00000000242c0000,0x00000000243c0000)]
  0x000000001bca7000 JavaThread "jar transforms Thread 134" [_thread_blocked, id=11640, stack(0x00000000241c0000,0x00000000242c0000)]
  0x000000001bca5800 JavaThread "jar transforms Thread 133" [_thread_blocked, id=5728, stack(0x00000000240c0000,0x00000000241c0000)]
  0x000000001bca6800 JavaThread "jar transforms Thread 132" [_thread_blocked, id=10564, stack(0x0000000023fc0000,0x00000000240c0000)]
  0x000000001bca9800 JavaThread "jar transforms Thread 131" [_thread_blocked, id=2388, stack(0x0000000023ec0000,0x0000000023fc0000)]
  0x000000001bca8000 JavaThread "jar transforms Thread 130" [_thread_blocked, id=4024, stack(0x0000000023dc0000,0x0000000023ec0000)]
  0x000000001bc9d000 JavaThread "jar transforms Thread 129" [_thread_blocked, id=14448, stack(0x0000000023cc0000,0x0000000023dc0000)]
  0x000000001bca4000 JavaThread "jar transforms Thread 128" [_thread_blocked, id=2460, stack(0x0000000023bc0000,0x0000000023cc0000)]
  0x000000001bca2800 JavaThread "jar transforms Thread 127" [_thread_blocked, id=8760, stack(0x0000000023ac0000,0x0000000023bc0000)]
  0x000000001bca2000 JavaThread "jar transforms Thread 126" [_thread_blocked, id=12628, stack(0x00000000239c0000,0x0000000023ac0000)]
  0x000000001bca1000 JavaThread "jar transforms Thread 125" [_thread_blocked, id=9456, stack(0x00000000238c0000,0x00000000239c0000)]
  0x000000001de5b000 JavaThread "jar transforms Thread 124" [_thread_blocked, id=5556, stack(0x00000000237c0000,0x00000000238c0000)]
  0x000000001de5a800 JavaThread "jar transforms Thread 123" [_thread_blocked, id=5044, stack(0x00000000236c0000,0x00000000237c0000)]
  0x000000001de59000 JavaThread "jar transforms Thread 122" [_thread_blocked, id=15096, stack(0x00000000235c0000,0x00000000236c0000)]
  0x000000001de58000 JavaThread "jar transforms Thread 121" [_thread_blocked, id=12548, stack(0x00000000234c0000,0x00000000235c0000)]
  0x000000001de57800 JavaThread "jar transforms Thread 120" [_thread_blocked, id=10960, stack(0x00000000233c0000,0x00000000234c0000)]
  0x000000001de59800 JavaThread "jar transforms Thread 119" [_thread_blocked, id=3296, stack(0x00000000232c0000,0x00000000233c0000)]
  0x000000001de56800 JavaThread "jar transforms Thread 118" [_thread_blocked, id=9624, stack(0x00000000231c0000,0x00000000232c0000)]
  0x000000001de4f000 JavaThread "jar transforms Thread 117" [_thread_blocked, id=5596, stack(0x00000000230c0000,0x00000000231c0000)]
  0x000000001de56000 JavaThread "jar transforms Thread 116" [_thread_blocked, id=10160, stack(0x0000000022fc0000,0x00000000230c0000)]
  0x000000001de54800 JavaThread "jar transforms Thread 115" [_thread_blocked, id=11084, stack(0x0000000022ec0000,0x0000000022fc0000)]
  0x000000001de55000 JavaThread "jar transforms Thread 114" [_thread_blocked, id=7332, stack(0x0000000022dc0000,0x0000000022ec0000)]
  0x000000001de4d000 JavaThread "jar transforms Thread 113" [_thread_blocked, id=9496, stack(0x0000000022cc0000,0x0000000022dc0000)]
  0x000000001de53800 JavaThread "jar transforms Thread 112" [_thread_blocked, id=11544, stack(0x0000000022bc0000,0x0000000022cc0000)]
  0x000000001de4c000 JavaThread "jar transforms Thread 111" [_thread_blocked, id=3516, stack(0x0000000022ac0000,0x0000000022bc0000)]
  0x000000001de50000 JavaThread "jar transforms Thread 110" [_thread_blocked, id=3540, stack(0x00000000212a0000,0x00000000213a0000)]
  0x000000001de4e800 JavaThread "jar transforms Thread 109" [_thread_blocked, id=14932, stack(0x00000000211a0000,0x00000000212a0000)]
  0x000000001de53000 JavaThread "jar transforms Thread 108" [_thread_blocked, id=10308, stack(0x00000000210a0000,0x00000000211a0000)]
  0x000000001de4d800 JavaThread "jar transforms Thread 107" [_thread_blocked, id=9676, stack(0x000000001fd40000,0x000000001fe40000)]
  0x000000001bc9b800 JavaThread "Memory manager" [_thread_blocked, id=2668, stack(0x000000002b290000,0x000000002b390000)]
  0x000000001bc9c800 JavaThread "jar transforms Thread 106" [_thread_blocked, id=11276, stack(0x0000000028dc0000,0x0000000028ec0000)]
  0x000000001bca0800 JavaThread "jar transforms Thread 105" [_thread_blocked, id=3012, stack(0x0000000028cc0000,0x0000000028dc0000)]
  0x000000001bc9b000 JavaThread "jar transforms Thread 104" [_thread_blocked, id=128, stack(0x0000000028bc0000,0x0000000028cc0000)]
  0x000000001bc9f800 JavaThread "jar transforms Thread 103" [_thread_blocked, id=6516, stack(0x0000000028ac0000,0x0000000028bc0000)]
  0x000000001bc9e800 JavaThread "jar transforms Thread 102" [_thread_blocked, id=1768, stack(0x00000000289c0000,0x0000000028ac0000)]
  0x000000001bc9e000 JavaThread "jar transforms Thread 101" [_thread_blocked, id=11472, stack(0x00000000288c0000,0x00000000289c0000)]
  0x000000001eb5a000 JavaThread "jar transforms Thread 100" [_thread_blocked, id=9972, stack(0x00000000287c0000,0x00000000288c0000)]
  0x000000001eb5b000 JavaThread "jar transforms Thread 99" [_thread_blocked, id=1208, stack(0x00000000286c0000,0x00000000287c0000)]
  0x000000001eb5b800 JavaThread "jar transforms Thread 98" [_thread_blocked, id=5008, stack(0x00000000285c0000,0x00000000286c0000)]
  0x000000001eb5d000 JavaThread "jar transforms Thread 97" [_thread_blocked, id=10176, stack(0x00000000284c0000,0x00000000285c0000)]
  0x000000001eb5c800 JavaThread "jar transforms Thread 96" [_thread_blocked, id=2032, stack(0x00000000283c0000,0x00000000284c0000)]
  0x000000001eb59800 JavaThread "jar transforms Thread 95" [_thread_blocked, id=10380, stack(0x00000000282c0000,0x00000000283c0000)]
  0x000000001eb52000 JavaThread "jar transforms Thread 94" [_thread_blocked, id=14660, stack(0x00000000281c0000,0x00000000282c0000)]
  0x000000001eb58800 JavaThread "jar transforms Thread 93" [_thread_blocked, id=10196, stack(0x00000000280c0000,0x00000000281c0000)]
  0x000000001eb58000 JavaThread "jar transforms Thread 92" [_thread_blocked, id=10616, stack(0x0000000027fc0000,0x00000000280c0000)]
  0x000000001eb57000 JavaThread "jar transforms Thread 91" [_thread_blocked, id=11540, stack(0x0000000027ec0000,0x0000000027fc0000)]
  0x000000001eb4f800 JavaThread "jar transforms Thread 90" [_thread_blocked, id=2056, stack(0x0000000027dc0000,0x0000000027ec0000)]
  0x000000001eb56800 JavaThread "jar transforms Thread 89" [_thread_blocked, id=15240, stack(0x0000000027cc0000,0x0000000027dc0000)]
  0x000000001eb55800 JavaThread "jar transforms Thread 88" [_thread_blocked, id=2680, stack(0x0000000027bc0000,0x0000000027cc0000)]
  0x000000001eb55000 JavaThread "jar transforms Thread 87" [_thread_blocked, id=11676, stack(0x0000000027ac0000,0x0000000027bc0000)]
  0x000000001eb50800 JavaThread "jar transforms Thread 86" [_thread_blocked, id=5364, stack(0x00000000279c0000,0x0000000027ac0000)]
  0x000000001eb4f000 JavaThread "jar transforms Thread 85" [_thread_blocked, id=12324, stack(0x00000000278c0000,0x00000000279c0000)]
  0x000000001eb53800 JavaThread "jar transforms Thread 84" [_thread_blocked, id=4060, stack(0x00000000277c0000,0x00000000278c0000)]
  0x000000001eb4e000 JavaThread "jar transforms Thread 83" [_thread_blocked, id=6644, stack(0x00000000276c0000,0x00000000277c0000)]
  0x000000001eb51000 JavaThread "jar transforms Thread 82" [_thread_blocked, id=2856, stack(0x00000000275c0000,0x00000000276c0000)]
  0x000000001de51800 JavaThread "Cache worker for file content cache (C:\Users\Daniel\.gradle\caches\6.5\fileContent)" [_thread_blocked, id=9888, stack(0x0000000021fa0000,0x00000000220a0000)]
  0x000000001de50800 JavaThread "Cache worker for execution history cache (C:\Users\Daniel\.gradle\caches\6.5\executionHistory)" [_thread_blocked, id=10184, stack(0x0000000021aa0000,0x0000000021ba0000)]
  0x000000001b3b0000 JavaThread "Cache worker for file hash cache (C:\Users\Daniel\.gradle\caches\6.5\fileHashes)" [_thread_blocked, id=1068, stack(0x000000001d7a0000,0x000000001d8a0000)]
  0x000000001b3ad000 JavaThread "File lock request listener" [_thread_in_native, id=3936, stack(0x000000001d6a0000,0x000000001d7a0000)]
  0x000000001b3af800 JavaThread "Cache worker for journal cache (C:\Users\Daniel\.gradle\caches\journal-1)" [_thread_blocked, id=6104, stack(0x000000001d4a0000,0x000000001d5a0000)]
=>0x000000001b216800 JavaThread "Daemon worker" [_thread_in_Java, id=9092, stack(0x000000001cea0000,0x000000001cfa0000)]
  0x000000001b181000 JavaThread "Daemon" [_thread_blocked, id=5996, stack(0x000000001cba0000,0x000000001cca0000)]
  0x000000001b155000 JavaThread "Daemon periodic checks" [_thread_blocked, id=10916, stack(0x000000001c8a0000,0x000000001c9a0000)]
  0x000000001b158000 JavaThread "Incoming local TCP Connector on port 60722" [_thread_in_native, id=3468, stack(0x000000001c7a0000,0x000000001c8a0000)]
  0x000000001980a800 JavaThread "Daemon health stats" [_thread_blocked, id=9380, stack(0x000000001c160000,0x000000001c260000)]
  0x0000000019098800 JavaThread "Service Thread" daemon [_thread_blocked, id=11212, stack(0x0000000019460000,0x0000000019560000)]
  0x0000000017705000 JavaThread "C1 CompilerThread2" daemon [_thread_blocked, id=6272, stack(0x0000000018f60000,0x0000000019060000)]
  0x00000000176fc000 JavaThread "C2 CompilerThread1" daemon [_thread_in_native, id=11572, stack(0x0000000018e60000,0x0000000018f60000)]
  0x00000000176f7800 JavaThread "C2 CompilerThread0" daemon [_thread_blocked, id=5472, stack(0x0000000018d60000,0x0000000018e60000)]
  0x00000000176f6800 JavaThread "Attach Listener" daemon [_thread_blocked, id=752, stack(0x0000000018c60000,0x0000000018d60000)]
  0x00000000176f5800 JavaThread "Signal Dispatcher" daemon [_thread_blocked, id=12208, stack(0x0000000018b60000,0x0000000018c60000)]
  0x00000000176df800 JavaThread "Finalizer" daemon [_thread_blocked, id=5752, stack(0x0000000018950000,0x0000000018a50000)]
  0x0000000002ac3000 JavaThread "Reference Handler" daemon [_thread_blocked, id=8440, stack(0x0000000018850000,0x0000000018950000)]
  0x00000000029d2800 JavaThread "main" [_thread_blocked, id=9740, stack(0x0000000002840000,0x0000000002940000)]

Other Threads:
  0x00000000176b8000 VMThread [stack: 0x0000000018750000,0x0000000018850000] [id=14184]
  0x000000001774d800 WatcherThread [stack: 0x00000000196c0000,0x00000000197c0000] [id=11216]

VM state:not at safepoint (normal execution)

VM Mutex/Monitor currently owned by a thread: None

heap address: 0x0000000080000000, size: 2048 MB, Compressed Oops mode: 32-bit
Narrow klass base: 0x0000000000000000, Narrow klass shift: 3
Compressed class space size: 1073741824 Address: 0x0000000100000000

Heap:
 PSYoungGen      total 592896K, used 413000K [0x00000000d5580000, 0x0000000100000000, 0x0000000100000000)
  eden space 519680K, 67% used [0x00000000d5580000,0x00000000eaae14b0,0x00000000f5100000)
  from space 73216K, 86% used [0x00000000f5100000,0x00000000f8ef0df8,0x00000000f9880000)
  to   space 81408K, 0% used [0x00000000fb080000,0x00000000fb080000,0x0000000100000000)
 ParOldGen       total 261120K, used 148698K [0x0000000080000000, 0x000000008ff00000, 0x00000000d5580000)
  object space 261120K, 56% used [0x0000000080000000,0x0000000089136b08,0x000000008ff00000)
 Metaspace       used 144947K, capacity 152254K, committed 152448K, reserved 1181696K
  class space    used 18400K, capacity 19778K, committed 19840K, reserved 1048576K

Card table byte_map: [0x0000000011e90000,0x00000000122a0000] byte_map_base: 0x0000000011a90000

Marking Bits: (ParMarkBitMap*) 0x000000006a996d90
 Begin Bits: [0x0000000012950000, 0x0000000014950000)
 End Bits:   [0x0000000014950000, 0x0000000016950000)

Polling page: 0x0000000001020000

CodeCache: size=245760Kb used=69396Kb max_used=69509Kb free=176363Kb
 bounds [0x0000000002ad0000, 0x0000000006f70000, 0x0000000011ad0000]
 total_blobs=20703 nmethods=19647 adapters=963
 compilation: enabled

Compilation events (10 events):
Event: 165.840 Thread 0x0000000017705000 24637   !   3       com.google.protobuf.CodedOutputStream$ArrayEncoder::writeUInt64NoTag (195 bytes)
Event: 165.842 Thread 0x0000000017705000 nmethod 24637 0x00000000040526d0 code [0x0000000004052a00, 0x00000000040544b8]
Event: 165.844 Thread 0x0000000017705000 24633       3       com.google.protobuf.CodedOutputStream::computeInt32SizeNoTag (12 bytes)
Event: 165.845 Thread 0x0000000017705000 nmethod 24633 0x0000000002ce4310 code [0x0000000002ce4480, 0x0000000002ce4628]
Event: 165.846 Thread 0x0000000017705000 24635       3       com.google.protobuf.CodedOutputStream::writeInt64 (7 bytes)
Event: 165.847 Thread 0x0000000017705000 nmethod 24635 0x0000000004052290 code [0x0000000004052400, 0x0000000004052608]
Event: 165.849 Thread 0x0000000017705000 24636       3       com.google.protobuf.CodedOutputStream$ArrayEncoder::writeUInt64 (12 bytes)
Event: 165.849 Thread 0x0000000017705000 nmethod 24636 0x0000000006a6b550 code [0x0000000006a6b6e0, 0x0000000006a6baf8]
Event: 165.851 Thread 0x0000000017705000 24632       3       com.google.protobuf.CodedOutputStream::computeUInt64SizeNoTag (74 bytes)
Event: 165.851 Thread 0x0000000017705000 nmethod 24632 0x00000000062af990 code [0x00000000062afb00, 0x00000000062afe10]

GC Heap History (10 events):
Event: 104.661 GC heap before
{Heap before GC invocations=33 (full 4):
 PSYoungGen      total 477696K, used 477688K [0x00000000d5580000, 0x00000000f6900000, 0x0000000100000000)
  eden space 435200K, 100% used [0x00000000d5580000,0x00000000efe80000,0x00000000efe80000)
  from space 42496K, 99% used [0x00000000f3000000,0x00000000f597e020,0x00000000f5980000)
  to   space 50688K, 0% used [0x00000000efe80000,0x00000000efe80000,0x00000000f3000000)
 ParOldGen       total 261120K, used 108683K [0x0000000080000000, 0x000000008ff00000, 0x00000000d5580000)
  object space 261120K, 41% used [0x0000000080000000,0x0000000086a22f90,0x000000008ff00000)
 Metaspace       used 128283K, capacity 134696K, committed 134912K, reserved 1165312K
  class space    used 16840K, capacity 18091K, committed 18176K, reserved 1048576K
Event: 104.724 GC heap after
Heap after GC invocations=33 (full 4):
 PSYoungGen      total 485888K, used 40479K [0x00000000d5580000, 0x00000000f9180000, 0x0000000100000000)
  eden space 435200K, 0% used [0x00000000d5580000,0x00000000d5580000,0x00000000efe80000)
  from space 50688K, 79% used [0x00000000efe80000,0x00000000f2607c30,0x00000000f3000000)
  to   space 55296K, 0% used [0x00000000f5b80000,0x00000000f5b80000,0x00000000f9180000)
 ParOldGen       total 261120K, used 122024K [0x0000000080000000, 0x000000008ff00000, 0x00000000d5580000)
  object space 261120K, 46% used [0x0000000080000000,0x000000008772a318,0x000000008ff00000)
 Metaspace       used 128283K, capacity 134696K, committed 134912K, reserved 1165312K
  class space    used 16840K, capacity 18091K, committed 18176K, reserved 1048576K
}
Event: 132.601 GC heap before
{Heap before GC invocations=34 (full 4):
 PSYoungGen      total 485888K, used 475679K [0x00000000d5580000, 0x00000000f9180000, 0x0000000100000000)
  eden space 435200K, 100% used [0x00000000d5580000,0x00000000efe80000,0x00000000efe80000)
  from space 50688K, 79% used [0x00000000efe80000,0x00000000f2607c30,0x00000000f3000000)
  to   space 55296K, 0% used [0x00000000f5b80000,0x00000000f5b80000,0x00000000f9180000)
 ParOldGen       total 261120K, used 123457K [0x0000000080000000, 0x000000008ff00000, 0x00000000d5580000)
  object space 261120K, 47% used [0x0000000080000000,0x0000000087890550,0x000000008ff00000)
 Metaspace       used 133277K, capacity 140106K, committed 140288K, reserved 1171456K
  class space    used 17278K, capacity 18572K, committed 18688K, reserved 1048576K
Event: 132.831 GC heap after
Heap after GC invocations=34 (full 4):
 PSYoungGen      total 516096K, used 55280K [0x00000000d5580000, 0x00000000fab80000, 0x0000000100000000)
  eden space 460800K, 0% used [0x00000000d5580000,0x00000000d5580000,0x00000000f1780000)
  from space 55296K, 99% used [0x00000000f5b80000,0x00000000f917c2d0,0x00000000f9180000)
  to   space 69632K, 0% used [0x00000000f1780000,0x00000000f1780000,0x00000000f5b80000)
 ParOldGen       total 261120K, used 138579K [0x0000000080000000, 0x000000008ff00000, 0x00000000d5580000)
  object space 261120K, 53% used [0x0000000080000000,0x0000000088754de8,0x000000008ff00000)
 Metaspace       used 133277K, capacity 140106K, committed 140288K, reserved 1171456K
  class space    used 17278K, capacity 18572K, committed 18688K, reserved 1048576K
}
Event: 133.765 GC heap before
{Heap before GC invocations=35 (full 4):
 PSYoungGen      total 516096K, used 516080K [0x00000000d5580000, 0x00000000fab80000, 0x0000000100000000)
  eden space 460800K, 100% used [0x00000000d5580000,0x00000000f1780000,0x00000000f1780000)
  from space 55296K, 99% used [0x00000000f5b80000,0x00000000f917c2d0,0x00000000f9180000)
  to   space 69632K, 0% used [0x00000000f1780000,0x00000000f1780000,0x00000000f5b80000)
 ParOldGen       total 261120K, used 138583K [0x0000000080000000, 0x000000008ff00000, 0x00000000d5580000)
  object space 261120K, 53% used [0x0000000080000000,0x0000000088755db0,0x000000008ff00000)
 Metaspace       used 133298K, capacity 140106K, committed 140288K, reserved 1171456K
  class space    used 17280K, capacity 18572K, committed 18688K, reserved 1048576K
Event: 133.823 GC heap after
Heap after GC invocations=35 (full 4):
 PSYoungGen      total 530432K, used 47679K [0x00000000d5580000, 0x00000000fe480000, 0x0000000100000000)
  eden space 460800K, 0% used [0x00000000d5580000,0x00000000d5580000,0x00000000f1780000)
  from space 69632K, 68% used [0x00000000f1780000,0x00000000f460fc48,0x00000000f5b80000)
  to   space 73216K, 0% used [0x00000000f9d00000,0x00000000f9d00000,0x00000000fe480000)
 ParOldGen       total 261120K, used 148682K [0x0000000080000000, 0x000000008ff00000, 0x00000000d5580000)
  object space 261120K, 56% used [0x0000000080000000,0x0000000089132b08,0x000000008ff00000)
 Metaspace       used 133298K, capacity 140106K, committed 140288K, reserved 1171456K
  class space    used 17280K, capacity 18572K, committed 18688K, reserved 1048576K
}
Event: 138.513 GC heap before
{Heap before GC invocations=36 (full 4):
 PSYoungGen      total 530432K, used 508479K [0x00000000d5580000, 0x00000000fe480000, 0x0000000100000000)
  eden space 460800K, 100% used [0x00000000d5580000,0x00000000f1780000,0x00000000f1780000)
  from space 69632K, 68% used [0x00000000f1780000,0x00000000f460fc48,0x00000000f5b80000)
  to   space 73216K, 0% used [0x00000000f9d00000,0x00000000f9d00000,0x00000000fe480000)
 ParOldGen       total 261120K, used 148682K [0x0000000080000000, 0x000000008ff00000, 0x00000000d5580000)
  object space 261120K, 56% used [0x0000000080000000,0x0000000089132b08,0x000000008ff00000)
 Metaspace       used 134554K, capacity 141350K, committed 141568K, reserved 1171456K
  class space    used 17398K, capacity 18680K, committed 18688K, reserved 1048576K
Event: 138.565 GC heap after
Heap after GC invocations=36 (full 4):
 PSYoungGen      total 588288K, used 41593K [0x00000000d5580000, 0x00000000fe000000, 0x0000000100000000)
  eden space 519680K, 0% used [0x00000000d5580000,0x00000000d5580000,0x00000000f5100000)
  from space 68608K, 60% used [0x00000000f9d00000,0x00000000fc59e410,0x00000000fe000000)
  to   space 73216K, 0% used [0x00000000f5100000,0x00000000f5100000,0x00000000f9880000)
 ParOldGen       total 261120K, used 148690K [0x0000000080000000, 0x000000008ff00000, 0x00000000d5580000)
  object space 261120K, 56% used [0x0000000080000000,0x0000000089134b08,0x000000008ff00000)
 Metaspace       used 134554K, capacity 141350K, committed 141568K, reserved 1171456K
  class space    used 17398K, capacity 18680K, committed 18688K, reserved 1048576K
}
Event: 162.744 GC heap before
{Heap before GC invocations=37 (full 4):
 PSYoungGen      total 588288K, used 561273K [0x00000000d5580000, 0x00000000fe000000, 0x0000000100000000)
  eden space 519680K, 100% used [0x00000000d5580000,0x00000000f5100000,0x00000000f5100000)
  from space 68608K, 60% used [0x00000000f9d00000,0x00000000fc59e410,0x00000000fe000000)
  to   space 73216K, 0% used [0x00000000f5100000,0x00000000f5100000,0x00000000f9880000)
 ParOldGen       total 261120K, used 148690K [0x0000000080000000, 0x000000008ff00000, 0x00000000d5580000)
  object space 261120K, 56% used [0x0000000080000000,0x0000000089134b08,0x000000008ff00000)
 Metaspace       used 140461K, capacity 147520K, committed 147712K, reserved 1177600K
  class space    used 18108K, capacity 19455K, committed 19456K, reserved 1048576K
Event: 162.847 GC heap after
Heap after GC invocations=37 (full 4):
 PSYoungGen      total 592896K, used 63427K [0x00000000d5580000, 0x0000000100000000, 0x0000000100000000)
  eden space 519680K, 0% used [0x00000000d5580000,0x00000000d5580000,0x00000000f5100000)
  from space 73216K, 86% used [0x00000000f5100000,0x00000000f8ef0df8,0x00000000f9880000)
  to   space 81408K, 0% used [0x00000000fb080000,0x00000000fb080000,0x0000000100000000)
 ParOldGen       total 261120K, used 148698K [0x0000000080000000, 0x000000008ff00000, 0x00000000d5580000)
  object space 261120K, 56% used [0x0000000080000000,0x0000000089136b08,0x000000008ff00000)
 Metaspace       used 140461K, capacity 147520K, committed 147712K, reserved 1177600K
  class space    used 18108K, capacity 19455K, committed 19456K, reserved 1048576K
}

Deoptimization events (10 events):
Event: 165.091 Thread 0x0000000030493000 Uncommon trap: reason=unstable_if action=reinterpret pc=0x00000000069aebb0 method=java.util.EnumMap.isValidKey(Ljava/lang/Object;)Z @ 16
Event: 165.277 Thread 0x0000000030493000 Uncommon trap: reason=speculate_class_check action=maybe_recompile pc=0x0000000002e94640 method=com.sun.tools.javac.code.Scope.enter(Lcom/sun/tools/javac/code/Symbol;Lcom/sun/tools/javac/code/Scope;)V @ 5
Event: 165.278 Thread 0x0000000030493000 Uncommon trap: reason=speculate_class_check action=maybe_recompile pc=0x0000000002e94640 method=com.sun.tools.javac.code.Scope.enter(Lcom/sun/tools/javac/code/Symbol;Lcom/sun/tools/javac/code/Scope;)V @ 5
Event: 165.278 Thread 0x0000000030493000 Uncommon trap: reason=speculate_class_check action=maybe_recompile pc=0x0000000002e94640 method=com.sun.tools.javac.code.Scope.enter(Lcom/sun/tools/javac/code/Symbol;Lcom/sun/tools/javac/code/Scope;)V @ 5
Event: 165.278 Thread 0x0000000030493000 Uncommon trap: reason=speculate_class_check action=maybe_recompile pc=0x0000000002e94640 method=com.sun.tools.javac.code.Scope.enter(Lcom/sun/tools/javac/code/Symbol;Lcom/sun/tools/javac/code/Scope;)V @ 5
Event: 165.761 Thread 0x000000001dfd3000 Uncommon trap: reason=unstable_if action=reinterpret pc=0x00000000044781f8 method=java.util.concurrent.locks.AbstractQueuedSynchronizer$ConditionObject.checkInterruptWhileWaiting(Ljava/util/concurrent/locks/AbstractQueuedSynchronizer$Node;)I @ 3
Event: 165.786 Thread 0x000000001b216800 Uncommon trap: reason=class_check action=maybe_recompile pc=0x0000000006cf9f38 method=org.gradle.internal.serialize.ExceptionReplacingObjectOutputStream.replaceObject(Ljava/lang/Object;)Ljava/lang/Object; @ 5
Event: 165.786 Thread 0x000000001b216800 Uncommon trap: reason=class_check action=maybe_recompile pc=0x0000000006cf9f38 method=org.gradle.internal.serialize.ExceptionReplacingObjectOutputStream.replaceObject(Ljava/lang/Object;)Ljava/lang/Object; @ 5
Event: 165.786 Thread 0x000000001b216800 Uncommon trap: reason=class_check action=maybe_recompile pc=0x0000000006cf9f38 method=org.gradle.internal.serialize.ExceptionReplacingObjectOutputStream.replaceObject(Ljava/lang/Object;)Ljava/lang/Object; @ 5
Event: 165.786 Thread 0x000000001b216800 Uncommon trap: reason=class_check action=maybe_recompile pc=0x0000000006cf9f38 method=org.gradle.internal.serialize.ExceptionReplacingObjectOutputStream.replaceObject(Ljava/lang/Object;)Ljava/lang/Object; @ 5

Classes redefined (0 events):
No events

Internal exceptions (10 events):
Event: 165.533 Thread 0x000000001dfd1000 Exception <a 'sun/nio/fs/WindowsException'> (0x00000000ea169540) thrown at [C:\re\workspace\8-2-build-windows-amd64-cygwin\jdk8u231\13620\hotspot\src\share\vm\prims\jni.cpp, line 710]
Event: 165.558 Thread 0x000000001dfd1000 Exception <a 'sun/nio/fs/WindowsException'> (0x00000000ea297a50) thrown at [C:\re\workspace\8-2-build-windows-amd64-cygwin\jdk8u231\13620\hotspot\src\share\vm\prims\jni.cpp, line 710]
Event: 165.566 Thread 0x000000001b216800 Exception <a 'sun/nio/fs/WindowsException'> (0x00000000e8be3328) thrown at [C:\re\workspace\8-2-build-windows-amd64-cygwin\jdk8u231\13620\hotspot\src\share\vm\prims\jni.cpp, line 710]
Event: 165.621 Thread 0x000000001dfd1000 Exception <a 'sun/nio/fs/WindowsException'> (0x00000000ea69fb88) thrown at [C:\re\workspace\8-2-build-windows-amd64-cygwin\jdk8u231\13620\hotspot\src\share\vm\prims\jni.cpp, line 710]
Event: 165.669 Thread 0x000000001dfd9800 Exception <a 'sun/nio/fs/WindowsException'> (0x00000000ea3517e0) thrown at [C:\re\workspace\8-2-build-windows-amd64-cygwin\jdk8u231\13620\hotspot\src\share\vm\prims\jni.cpp, line 710]
Event: 165.676 Thread 0x000000001dfd1000 Exception <a 'sun/nio/fs/WindowsException'> (0x00000000ea7cdbd0) thrown at [C:\re\workspace\8-2-build-windows-amd64-cygwin\jdk8u231\13620\hotspot\src\share\vm\prims\jni.cpp, line 710]
Event: 165.698 Thread 0x000000001dfd1000 Exception <a 'sun/nio/fs/WindowsException'> (0x00000000ea8a2350) thrown at [C:\re\workspace\8-2-build-windows-amd64-cygwin\jdk8u231\13620\hotspot\src\share\vm\prims\jni.cpp, line 710]
Event: 165.704 Thread 0x0000000030493000 Exception <a 'java/lang/reflect/InvocationTargetException'> (0x00000000ea8e4700) thrown at [C:\re\workspace\8-2-build-windows-amd64-cygwin\jdk8u231\13620\hotspot\src\share\vm\runtime\reflection.cpp, line 1092]
Event: 165.757 Thread 0x000000001b216800 Exception <a 'sun/nio/fs/WindowsException'> (0x00000000e8ccd600) thrown at [C:\re\workspace\8-2-build-windows-amd64-cygwin\jdk8u231\13620\hotspot\src\share\vm\prims\jni.cpp, line 710]
Event: 165.856 Thread 0x000000001b216800 Implicit null exception at 0x0000000003e8f5b5 to 0x0000000000000000

Events (10 events):
Event: 165.844 Executing VM operation: RevokeBias
Event: 165.845 Executing VM operation: RevokeBias done
Event: 165.845 Thread 0x0000000017705000 flushing nmethod 0x000000000359e5d0
Event: 165.846 Thread 0x000000001dfcb800 Thread exited: 0x000000001dfcb800
Event: 165.848 Thread 0x0000000017705000 flushing nmethod 0x000000000399e110
Event: 165.848 Thread 0x0000000017705000 flushing nmethod 0x000000000399f090
Event: 165.850 Thread 0x0000000017705000 flushing nmethod 0x0000000003cdd8d0
Event: 165.850 Thread 0x0000000017705000 flushing nmethod 0x0000000003d24a10
Event: 165.852 Thread 0x0000000017705000 flushing nmethod 0x0000000003fc5ed0
Event: 165.853 Thread 0x0000000017705000 flushing nmethod 0x0000000004170650


Dynamic libraries:
0x00007ff6fb830000 - 0x00007ff6fb867000 	C:\Program Files\Java\jdk1.8.0_231\bin\java.exe
0x00007ffac5f40000 - 0x00007ffac6130000 	C:\WINDOWS\SYSTEM32\ntdll.dll
0x00007ffac57f0000 - 0x00007ffac58a2000 	C:\WINDOWS\System32\KERNEL32.DLL
0x00007ffac3d40000 - 0x00007ffac3fe5000 	C:\WINDOWS\System32\KERNELBASE.dll
0x00007ffac4a20000 - 0x00007ffac4ac3000 	C:\WINDOWS\System32\ADVAPI32.dll
0x00007ffac4ad0000 - 0x00007ffac4b6e000 	C:\WINDOWS\System32\msvcrt.dll
0x00007ffac4b70000 - 0x00007ffac4c07000 	C:\WINDOWS\System32\sechost.dll
0x00007ffac54f0000 - 0x00007ffac560f000 	C:\WINDOWS\System32\RPCRT4.dll
0x00007ffac4880000 - 0x00007ffac4a14000 	C:\WINDOWS\System32\USER32.dll
0x00007ffac2f10000 - 0x00007ffac2f31000 	C:\WINDOWS\System32\win32u.dll
0x00007ffac4cf0000 - 0x00007ffac4d16000 	C:\WINDOWS\System32\GDI32.dll
0x00007ffac3340000 - 0x00007ffac34d8000 	C:\WINDOWS\System32\gdi32full.dll
0x00007ffac3120000 - 0x00007ffac31be000 	C:\WINDOWS\System32\msvcp_win.dll
0x00007ffac2f70000 - 0x00007ffac306a000 	C:\WINDOWS\System32\ucrtbase.dll
0x00007ffab5d70000 - 0x00007ffab5ff4000 	C:\WINDOWS\WinSxS\amd64_microsoft.windows.common-controls_6595b64144ccf1df_6.0.18362.1440_none_9e7dbfb9e45e8e67\COMCTL32.dll
0x00007ffac5920000 - 0x00007ffac5c56000 	C:\WINDOWS\System32\combase.dll
0x00007ffac3c60000 - 0x00007ffac3ce1000 	C:\WINDOWS\System32\bcryptPrimitives.dll
0x00007ffac5c60000 - 0x00007ffac5c8e000 	C:\WINDOWS\System32\IMM32.DLL
0x000000006aa20000 - 0x000000006aaf2000 	C:\Program Files\Java\jdk1.8.0_231\jre\bin\msvcr100.dll
0x000000006a170000 - 0x000000006aa16000 	C:\Program Files\Java\jdk1.8.0_231\jre\bin\server\jvm.dll
0x00007ffac5480000 - 0x00007ffac5488000 	C:\WINDOWS\System32\PSAPI.DLL
0x00007ffabbad0000 - 0x00007ffabbada000 	C:\WINDOWS\SYSTEM32\VERSION.dll
0x00007ffabf200000 - 0x00007ffabf224000 	C:\WINDOWS\SYSTEM32\WINMM.dll
0x00007ffab2ab0000 - 0x00007ffab2ab9000 	C:\WINDOWS\SYSTEM32\WSOCK32.dll
0x00007ffac5410000 - 0x00007ffac547f000 	C:\WINDOWS\System32\WS2_32.dll
0x00007ffabf1d0000 - 0x00007ffabf1fd000 	C:\WINDOWS\SYSTEM32\winmmbase.dll
0x00007ffac3cf0000 - 0x00007ffac3d3a000 	C:\WINDOWS\System32\cfgmgr32.dll
0x00007ffab7c20000 - 0x00007ffab7c2f000 	C:\Program Files\Java\jdk1.8.0_231\jre\bin\verify.dll
0x00007ffab7bf0000 - 0x00007ffab7c19000 	C:\Program Files\Java\jdk1.8.0_231\jre\bin\java.dll
0x00007ffab7bd0000 - 0x00007ffab7be6000 	C:\Program Files\Java\jdk1.8.0_231\jre\bin\zip.dll
0x00007ffac4d20000 - 0x00007ffac5408000 	C:\WINDOWS\System32\SHELL32.dll
0x00007ffac5740000 - 0x00007ffac57e7000 	C:\WINDOWS\System32\shcore.dll
0x00007ffac34e0000 - 0x00007ffac3c5b000 	C:\WINDOWS\System32\windows.storage.dll
0x00007ffac2e90000 - 0x00007ffac2eae000 	C:\WINDOWS\System32\profapi.dll
0x00007ffac2e40000 - 0x00007ffac2e8a000 	C:\WINDOWS\System32\powrprof.dll
0x00007ffac2df0000 - 0x00007ffac2e00000 	C:\WINDOWS\System32\UMPDC.dll
0x00007ffac5c90000 - 0x00007ffac5ce2000 	C:\WINDOWS\System32\shlwapi.dll
0x00007ffac2e20000 - 0x00007ffac2e31000 	C:\WINDOWS\System32\kernel.appcore.dll
0x00007ffac31c0000 - 0x00007ffac31d7000 	C:\WINDOWS\System32\cryptsp.dll
0x00007ffab7bb0000 - 0x00007ffab7bca000 	C:\Program Files\Java\jdk1.8.0_231\jre\bin\net.dll
0x00007ffac2580000 - 0x00007ffac25e7000 	C:\WINDOWS\system32\mswsock.dll
0x00007ffab78b0000 - 0x00007ffab78c2000 	C:\Program Files\Java\jdk1.8.0_231\jre\bin\nio.dll
0x00007ffab7c30000 - 0x00007ffab7c57000 	C:\Users\Daniel\.gradle\native\f6784746aeab05261644944871eae4fe03e0ef1612fff0a4a95f87b438bc6780\windows-amd64\native-platform.dll
0x00007ffab7ba0000 - 0x00007ffab7bad000 	C:\Program Files\Java\jdk1.8.0_231\jre\bin\management.dll
0x00007ffac2110000 - 0x00007ffac2143000 	C:\WINDOWS\system32\rsaenh.dll
0x00007ffac2f40000 - 0x00007ffac2f66000 	C:\WINDOWS\System32\bcrypt.dll
0x00007ffac2d10000 - 0x00007ffac2d35000 	C:\WINDOWS\SYSTEM32\USERENV.dll
0x00007ffac2700000 - 0x00007ffac270c000 	C:\WINDOWS\SYSTEM32\CRYPTBASE.dll
0x00007ffac22a0000 - 0x00007ffac22da000 	C:\WINDOWS\SYSTEM32\IPHLPAPI.DLL
0x00007ffac4ce0000 - 0x00007ffac4ce8000 	C:\WINDOWS\System32\NSI.dll
0x00007ffabc0a0000 - 0x00007ffabc0b6000 	C:\WINDOWS\SYSTEM32\dhcpcsvc6.DLL
0x00007ffabc230000 - 0x00007ffabc24c000 	C:\WINDOWS\SYSTEM32\dhcpcsvc.DLL
0x00007ffac22e0000 - 0x00007ffac23ab000 	C:\WINDOWS\SYSTEM32\DNSAPI.dll
0x00007ffabc110000 - 0x00007ffabc11b000 	C:\WINDOWS\SYSTEM32\WINNSI.DLL
0x00007ffab7850000 - 0x00007ffab7874000 	C:\Program Files\Java\jdk1.8.0_231\jre\bin\sunec.dll
0x00007ffabb1d0000 - 0x00007ffabb1da000 	C:\Windows\System32\rasadhlp.dll
0x00007ffabba50000 - 0x00007ffabbac7000 	C:\WINDOWS\System32\fwpuclnt.dll
0x00007ffab7c70000 - 0x00007ffab7c7b000 	C:\Program Files\Java\jdk1.8.0_231\jre\bin\sunmscapi.dll
0x00007ffac31e0000 - 0x00007ffac3331000 	C:\WINDOWS\System32\CRYPT32.dll
0x00007ffac2e00000 - 0x00007ffac2e12000 	C:\WINDOWS\System32\MSASN1.dll
0x00007ffac1df0000 - 0x00007ffac1e21000 	C:\WINDOWS\SYSTEM32\ntmarta.dll
0x00007ffac0c30000 - 0x00007ffac0cbf000 	C:\WINDOWS\system32\apphelp.dll
0x00007ffa5b290000 - 0x00007ffa5b42a000 	C:\Program Files\Java\jdk1.8.0_231\jre\bin\awt.dll
0x00007ffac47b0000 - 0x00007ffac4875000 	C:\WINDOWS\System32\OLEAUT32.dll
0x00007ffac1280000 - 0x00007ffac12ad000 	C:\WINDOWS\system32\DWMAPI.DLL
0x00007ffac0fd0000 - 0x00007ffac1069000 	C:\WINDOWS\system32\uxtheme.dll
0x00007ffab7820000 - 0x00007ffab784a000 	C:\Program Files\Java\jdk1.8.0_231\jre\bin\dcpr.dll
0x00007ffab7800000 - 0x00007ffab781e000 	C:\Users\Daniel\AppData\Local\Temp\native-platform371509985900388681dir\native-platform.dll
0x00007ffac1690000 - 0x00007ffac1884000 	C:\WINDOWS\SYSTEM32\dbghelp.dll

VM Arguments:
jvm_args: -Xmx2048m -Dfile.encoding=UTF-8 -Duser.country=BR -Duser.language=pt -Duser.variant 
java_command: org.gradle.launcher.daemon.bootstrap.GradleDaemon 6.5
java_class_path (initial): C:\Users\Daniel\.gradle\wrapper\dists\gradle-6.5-all\2oz4ud9k3tuxjg84bbf55q0tn\gradle-6.5\lib\gradle-launcher-6.5.jar
Launcher Type: SUN_STANDARD

Environment Variables:
JAVA_HOME=C:\Program Files\Java\jdk1.8.0_231
PATH=C:\Python27\;C:\Python27\Scripts;C:\Program Files (x86)\Common Files\Oracle\Java\javapath;C:\WINDOWS\system32;C:\WINDOWS;C:\WINDOWS\System32\Wbem;C:\WINDOWS\System32\WindowsPowerShell\v1.0\C:\Program Files\Java\jdk1.8.0_144\bin\C:\xampp\php\php.exe;C:\Program Files\Git\cmd;C:\xampp\php;C:\ProgramData\chocolatey\bin;C:\Program Files\nodejs\;C:\WINDOWS\System32\WindowsPowerShell\v1.0\;C:\WINDOWS\System32\OpenSSH\;C:\ProgramData\ComposerSetup\bin;C:\Program Files\Docker\Docker\resources\bin;C:\ProgramData\DockerDesktop\version-bin;C:\Program Files (x86)\Intel\Intel(R) Management Engine Components\DAL;C:\Program Files\Intel\Intel(R) Management Engine Components\DAL;C:\Program Files (x86)\Yarn\bin\;C:\Program Files\Microsoft SQL Server\130\Tools\Binn\;C:\Program Files\dotnet\;C:\Program Files\Microsoft SQL Server\Client SDK\ODBC\170\Tools\Binn\;C:\Users\Daniel\AppData\Local\Programs\Microsoft VS Code\bin;C:\Users\Daniel\AppData\Local\GitHubDesktop\bin;C:\Users\Daniel\AppData\Roaming\npm;C:\Users\Daniel\AppData\Local\Microsoft\WindowsApps;C:\Users\Daniel\AppData\Local\Android\Sdk\emulator;C:\Users\Daniel\AppData\Local\Android\Sdk\tools;C:\Users\Daniel\AppData\Local\Android\Sdk\tools\bin;C:\Users\Daniel\AppData\Local\Android\Sdk\platform-tools;C:\Program Files\JetBrains\PhpStorm 2019.1.3\bin;;C:\Users\Daniel\AppData\Roaming\Composer\vendor\bin;C:\Users\Daniel\AppData\Local\hyper\app-3.0.2\resources\bin;C:\Program Files\PostgreSQL\10\bin;C:\Users\Daniel\AppData\Local\Yarn\bin;C:\flutter\bin;C:\Users\Daniel\.dotnet\tools;C:\Program Files\heroku\bin
USERNAME=Daniel
OS=Windows_NT
PROCESSOR_IDENTIFIER=Intel64 Family 6 Model 142 Stepping 9, GenuineIntel



---------------  S Y S T E M  ---------------

OS: Windows 10.0 , 64 bit Build 18362 (10.0.18362.1350)

CPU:total 4 (initial active 4) (2 cores per cpu, 2 threads per core) family 6 model 142 stepping 9, cmov, cx8, fxsr, mmx, sse, sse2, sse3, ssse3, sse4.1, sse4.2, popcnt, avx, avx2, aes, clmul, erms, 3dnowpref, lzcnt, ht, tsc, tscinvbit, bmi1, bmi2, adx

Memory: 4k page, physical 8165100k(1392344k free), swap 18738668k(8548760k free)

vm_info: Java HotSpot(TM) 64-Bit Server VM (25.231-b11) for windows-amd64 JRE (1.8.0_231-b11), built on Oct  5 2019 03:11:30 by "java_re" with MS VC++ 10.0 (VS2010)

time: Thu Mar 18 22:04:18 2021
timezone: Hora Padrão Brasil Central
elapsed time: 165 seconds (0d 0h 2m 45s)

